d:\projects\dewarp\dewarpgui\processor\debug\processor.pch
d:\projects\dewarp\dewarpgui\processor\debug\vc140.pdb
d:\projects\dewarp\dewarpgui\processor\debug\vc140.idb
d:\projects\dewarp\dewarpgui\processor\debug\stdafx.obj
d:\projects\dewarp\dewarpgui\processor\debug\api.obj
d:\projects\dewarp\dewarpgui\processor\debug\cprocessor.obj
d:\projects\dewarp\dewarpgui\processor\debug\processor.obj
d:\projects\dewarp\dewarpgui\processor\debug\dllmain.obj
d:\projects\dewarp\dewarpgui\bin\processor.ilk
d:\projects\dewarp\dewarpgui\bin\processor.dll
d:\projects\dewarp\dewarpgui\bin\processor.pdb
d:\projects\dewarp\dewarpgui\bin\processor.lib
d:\projects\dewarp\dewarpgui\bin\processor.exp
d:\projects\dewarp\dewarpgui\processor\debug\processor.tlog\cl.command.1.tlog
d:\projects\dewarp\dewarpgui\processor\debug\processor.tlog\cl.read.1.tlog
d:\projects\dewarp\dewarpgui\processor\debug\processor.tlog\cl.write.1.tlog
d:\projects\dewarp\dewarpgui\processor\debug\processor.tlog\link.command.1.tlog
d:\projects\dewarp\dewarpgui\processor\debug\processor.tlog\link.read.1.tlog
d:\projects\dewarp\dewarpgui\processor\debug\processor.tlog\link.write.1.tlog
d:\projects\dewarp\dewarpgui\processor\debug\processor.tlog\processor.write.1u.tlog
